Using pre-set license
Built from '2021.3/release' branch; Version is '2021.3.12f1 (8af3c3e441b1) revision 9106371'; Using compiler version '192829333'; Build Type 'Release'
OS: 'Windows 10  (10.0.19045) 64bit Professional' Language: 'en' Physical Memory: 16297 MB
BatchMode: 1, IsHumanControllingUs: 0, StartBugReporterOnCrash: 0, Is64bit: 1, IsPro: 1

COMMAND LINE ARGUMENTS:
C:\Program Files\Unity\Hub\Editor\2021.3.12f1\Editor\Unity.exe
-adb2
-batchMode
-noUpm
-name
AssetImportWorker0
-projectPath
F:/Unity Projects/Events System
-logFile
Logs/AssetImportWorker0.log
-srvPort
50661
Successfully changed project path to: F:/Unity Projects/Events System
F:/Unity Projects/Events System
[UnityMemory] Configuration Parameters - Can be set up in boot.config
    "memorysetup-bucket-allocator-granularity=16"
    "memorysetup-bucket-allocator-bucket-count=8"
    "memorysetup-bucket-allocator-block-size=33554432"
    "memorysetup-bucket-allocator-block-count=8"
    "memorysetup-main-allocator-block-size=16777216"
    "memorysetup-thread-allocator-block-size=16777216"
    "memorysetup-gfx-main-allocator-block-size=16777216"
    "memorysetup-gfx-thread-allocator-block-size=16777216"
    "memorysetup-cache-allocator-block-size=4194304"
    "memorysetup-typetree-allocator-block-size=2097152"
    "memorysetup-profiler-bucket-allocator-granularity=16"
    "memorysetup-profiler-bucket-allocator-bucket-count=8"
    "memorysetup-profiler-bucket-allocator-block-size=33554432"
    "memorysetup-profiler-bucket-allocator-block-count=8"
    "memorysetup-profiler-allocator-block-size=16777216"
    "memorysetup-profiler-editor-allocator-block-size=1048576"
    "memorysetup-temp-allocator-size-main=16777216"
    "memorysetup-job-temp-allocator-block-size=2097152"
    "memorysetup-job-temp-allocator-block-size-background=1048576"
    "memorysetup-job-temp-allocator-reduction-small-platforms=262144"
    "memorysetup-temp-allocator-size-background-worker=32768"
    "memorysetup-temp-allocator-size-job-worker=262144"
    "memorysetup-temp-allocator-size-preload-manager=33554432"
    "memorysetup-temp-allocator-size-nav-mesh-worker=65536"
    "memorysetup-temp-allocator-size-audio-worker=65536"
    "memorysetup-temp-allocator-size-cloud-worker=32768"
    "memorysetup-temp-allocator-size-gi-baking-worker=262144"
    "memorysetup-temp-allocator-size-gfx=262144"
Refreshing native plugins compatible for Editor in 76.47 ms, found 3 plugins.
Preloading 0 native plugins for Editor in 0.00 ms.
Initialize engine version: 2021.3.12f1 (8af3c3e441b1)
[Subsystems] Discovering subsystems at path C:/Program Files/Unity/Hub/Editor/2021.3.12f1/Editor/Data/Resources/UnitySubsystems
[Subsystems] Discovering subsystems at path F:/Unity Projects/Events System/Assets
GfxDevice: creating device client; threaded=0; jobified=0
Direct3D:
    Version:  Direct3D 11.0 [level 11.1]
    Renderer: NVIDIA GeForce GTX 1050 Ti (ID=0x1c82)
    Vendor:   NVIDIA
    VRAM:     4017 MB
    Driver:   31.0.15.3623
Initialize mono
Mono path[0] = 'C:/Program Files/Unity/Hub/Editor/2021.3.12f1/Editor/Data/Managed'
Mono path[1] = 'C:/Program Files/Unity/Hub/Editor/2021.3.12f1/Editor/Data/MonoBleedingEdge/lib/mono/unityjit-win32'
Mono config path = 'C:/Program Files/Unity/Hub/Editor/2021.3.12f1/Editor/Data/MonoBleedingEdge/etc'
Using monoOptions --debugger-agent=transport=dt_socket,embedding=1,server=y,suspend=n,address=127.0.0.1:56956
Begin MonoManager ReloadAssembly
Registering precompiled unity dll's ...
Register platform support module: C:/Program Files/Unity/Hub/Editor/2021.3.12f1/Editor/Data/PlaybackEngines/AndroidPlayer/UnityEditor.Android.Extensions.dll
Register platform support module: C:/Program Files/Unity/Hub/Editor/2021.3.12f1/Editor/Data/PlaybackEngines/WindowsStandaloneSupport/UnityEditor.WindowsStandalone.Extensions.dll
Registered in 0.008169 seconds.
Native extension for WindowsStandalone target not found
Native extension for Android target not found
Refreshing native plugins compatible for Editor in 83.68 ms, found 3 plugins.
Preloading 0 native plugins for Editor in 0.00 ms.
Mono: successfully reloaded assembly
- Completed reload, in  0.642 seconds
Domain Reload Profiling:
	ReloadAssembly (643ms)
		BeginReloadAssembly (73ms)
			ExecutionOrderSort (0ms)
			DisableScriptedObjects (0ms)
			BackupInstance (0ms)
			ReleaseScriptingObjects (0ms)
			CreateAndSetChildDomain (1ms)
		EndReloadAssembly (460ms)
			LoadAssemblies (71ms)
			RebuildTransferFunctionScriptingTraits (0ms)
			SetupTypeCache (103ms)
			ReleaseScriptCaches (0ms)
			RebuildScriptCaches (30ms)
			SetupLoadedEditorAssemblies (279ms)
				LogAssemblyErrors (0ms)
				InitializePlatformSupportModulesInManaged (53ms)
				SetLoadedEditorAssemblies (0ms)
				RefreshPlugins (84ms)
				BeforeProcessingInitializeOnLoad (1ms)
				ProcessInitializeOnLoadAttributes (93ms)
				ProcessInitializeOnLoadMethodAttributes (47ms)
				AfterProcessingInitializeOnLoad (0ms)
				EditorAssembliesLoaded (0ms)
			ExecutionOrderSort2 (0ms)
			AwakeInstancesAfterBackupRestoration (0ms)
Platform modules already initialized, skipping
Registering precompiled user dll's ...
Registered in 0.003244 seconds.
Begin MonoManager ReloadAssembly
Symbol file LoadedFromMemory doesn't match image F:\Unity Projects\Events System\Library\PackageCache\com.unity.visualscripting@1.8.0\Editor\VisualScripting.Core\Dependencies\YamlDotNet\Unity.VisualScripting.YamlDotNet.dll
Symbol file LoadedFromMemory doesn't match image F:\Unity Projects\Events System\Library\PackageCache\com.unity.visualscripting@1.8.0\Editor\VisualScripting.Core\Dependencies\DotNetZip\Unity.VisualScripting.IonicZip.dll
Native extension for WindowsStandalone target not found
Native extension for Android target not found
Refreshing native plugins compatible for Editor in 0.51 ms, found 3 plugins.
Preloading 0 native plugins for Editor in 0.00 ms.
Mono: successfully reloaded assembly
- Completed reload, in  1.324 seconds
Domain Reload Profiling:
	ReloadAssembly (1325ms)
		BeginReloadAssembly (222ms)
			ExecutionOrderSort (0ms)
			DisableScriptedObjects (6ms)
			BackupInstance (0ms)
			ReleaseScriptingObjects (0ms)
			CreateAndSetChildDomain (122ms)
		EndReloadAssembly (991ms)
			LoadAssemblies (84ms)
			RebuildTransferFunctionScriptingTraits (0ms)
			SetupTypeCache (265ms)
			ReleaseScriptCaches (1ms)
			RebuildScriptCaches (56ms)
			SetupLoadedEditorAssemblies (557ms)
				LogAssemblyErrors (0ms)
				InitializePlatformSupportModulesInManaged (16ms)
				SetLoadedEditorAssemblies (0ms)
				RefreshPlugins (1ms)
				BeforeProcessingInitializeOnLoad (93ms)
				ProcessInitializeOnLoadAttributes (414ms)
				ProcessInitializeOnLoadMethodAttributes (24ms)
				AfterProcessingInitializeOnLoad (9ms)
				EditorAssembliesLoaded (0ms)
			ExecutionOrderSort2 (0ms)
			AwakeInstancesAfterBackupRestoration (5ms)
Platform modules already initialized, skipping
========================================================================
Worker process is ready to serve import requests
Launched and connected shader compiler UnityShaderCompiler.exe after 0.04 seconds
Refreshing native plugins compatible for Editor in 0.88 ms, found 3 plugins.
Preloading 0 native plugins for Editor in 0.00 ms.
Unloading 3209 Unused Serialized files (Serialized files now loaded: 0)
Unloading 37 unused Assets / (184.1 KB). Loaded Objects now: 3671.
Memory consumption went from 114.1 MB to 113.9 MB.
Total: 4.436100 ms (FindLiveObjects: 0.295100 ms CreateObjectMapping: 0.238600 ms MarkObjects: 3.702500 ms  DeleteObjects: 0.198700 ms)

AssetImportParameters requested are different than current active one (requested -> active):
  custom:video-decoder-ogg-theora: a1e56fd34408186e4bbccfd4996cb3dc -> 
  custom:container-muxer-webm: aa71ff27fc2769a1b78a27578f13a17b -> 
  custom:container-demuxer-webm: 4f35f7cbe854078d1ac9338744f61a02 -> 
  custom:video-encoder-webm-vp8: eb34c28f22e8b96e1ab97ce403110664 -> 
  custom:audio-encoder-webm-vorbis: bf7c407c2cedff20999df2af8eb42d56 -> 
  custom:framework-win-MediaFoundation: 216162199b28c13a410421893ffa2e32 -> 
  custom:container-demuxer-ogg: 62fdf1f143b41e24485cea50d1cbac27 -> 
  custom:video-decoder-webm-vp8: 9c59270c3fd7afecdb556c50c9e8de78 -> 
  custom:audio-decoder-ogg-vorbis: bf7c407c2cedff20999df2af8eb42d56 -> 
========================================================================
Received Import Request.
  Time since last request: 533113.718017 seconds.
  path: Assets/State Machine Scene
  artifactKey: Guid(0ce511dfa999acf4daae580ecd17cd34) Importer(815301076,1909f56bfc062723c751e8b465ee728b)
Start importing Assets/State Machine Scene using Guid(0ce511dfa999acf4daae580ecd17cd34) Importer(815301076,1909f56bfc062723c751e8b465ee728b)  -> (artifact id: 'becba0acfbb8dcd21d715498c082901d') in 0.006835 seconds 
========================================================================
Received Import Request.
  Time since last request: 2.912847 seconds.
  path: Assets/State Machine Scene/Scene
  artifactKey: Guid(4bea273db0694a940911c3a7cf3c4016) Importer(815301076,1909f56bfc062723c751e8b465ee728b)
Start importing Assets/State Machine Scene/Scene using Guid(4bea273db0694a940911c3a7cf3c4016) Importer(815301076,1909f56bfc062723c751e8b465ee728b)  -> (artifact id: '0c9764289e4a502e56508ada0bc91f7b') in 0.001123 seconds 
========================================================================
Received Import Request.
  Time since last request: 12.040251 seconds.
  path: Assets/State Machine Scene/Scene/State Scene.unity
  artifactKey: Guid(11c6ab6028ba2cb4eb62c55dc5bba6e3) Importer(815301076,1909f56bfc062723c751e8b465ee728b)
Start importing Assets/State Machine Scene/Scene/State Scene.unity using Guid(11c6ab6028ba2cb4eb62c55dc5bba6e3) Importer(815301076,1909f56bfc062723c751e8b465ee728b)  -> (artifact id: '84ee1037beb0db287f14c84c1b1018d7') in 0.001340 seconds 
========================================================================
Received Import Request.
  Time since last request: 122.368028 seconds.
  path: Assets/State Machine Scene/Scripts
  artifactKey: Guid(75f64b3348d7f1f4881b4759d22f951e) Importer(815301076,1909f56bfc062723c751e8b465ee728b)
Start importing Assets/State Machine Scene/Scripts using Guid(75f64b3348d7f1f4881b4759d22f951e) Importer(815301076,1909f56bfc062723c751e8b465ee728b)  -> (artifact id: 'c0d965a5a86c3030d1c220aef475ef58') in 0.001072 seconds 
========================================================================
Received Import Request.
  Time since last request: 23.852308 seconds.
  path: Assets/State Machine Scene/Scripts/CharacterState.cs
  artifactKey: Guid(f4f0fc47d8e38604e8e3089fd3814095) Importer(815301076,1909f56bfc062723c751e8b465ee728b)
Start importing Assets/State Machine Scene/Scripts/CharacterState.cs using Guid(f4f0fc47d8e38604e8e3089fd3814095) Importer(815301076,1909f56bfc062723c751e8b465ee728b)  -> (artifact id: '5a43775025fd70109ce3c54a96fdd44a') in 0.021369 seconds 
========================================================================
Received Prepare
Registering precompiled user dll's ...
Registered in 0.002895 seconds.
Begin MonoManager ReloadAssembly
Symbol file LoadedFromMemory doesn't match image F:\Unity Projects\Events System\Library\PackageCache\com.unity.visualscripting@1.8.0\Editor\VisualScripting.Core\Dependencies\YamlDotNet\Unity.VisualScripting.YamlDotNet.dll
Symbol file LoadedFromMemory doesn't match image F:\Unity Projects\Events System\Library\PackageCache\com.unity.visualscripting@1.8.0\Editor\VisualScripting.Core\Dependencies\DotNetZip\Unity.VisualScripting.IonicZip.dll
Native extension for WindowsStandalone target not found
Native extension for Android target not found
Refreshing native plugins compatible for Editor in 0.55 ms, found 3 plugins.
Preloading 0 native plugins for Editor in 0.00 ms.
Mono: successfully reloaded assembly
- Completed reload, in  1.173 seconds
Domain Reload Profiling:
	ReloadAssembly (1174ms)
		BeginReloadAssembly (137ms)
			ExecutionOrderSort (0ms)
			DisableScriptedObjects (5ms)
			BackupInstance (0ms)
			ReleaseScriptingObjects (0ms)
			CreateAndSetChildDomain (36ms)
		EndReloadAssembly (943ms)
			LoadAssemblies (93ms)
			RebuildTransferFunctionScriptingTraits (0ms)
			SetupTypeCache (265ms)
			ReleaseScriptCaches (1ms)
			RebuildScriptCaches (51ms)
			SetupLoadedEditorAssemblies (503ms)
				LogAssemblyErrors (0ms)
				InitializePlatformSupportModulesInManaged (24ms)
				SetLoadedEditorAssemblies (0ms)
				RefreshPlugins (1ms)
				BeforeProcessingInitializeOnLoad (68ms)
				ProcessInitializeOnLoadAttributes (383ms)
				ProcessInitializeOnLoadMethodAttributes (18ms)
				AfterProcessingInitializeOnLoad (8ms)
				EditorAssembliesLoaded (0ms)
			ExecutionOrderSort2 (0ms)
			AwakeInstancesAfterBackupRestoration (5ms)
Platform modules already initialized, skipping
Refreshing native plugins compatible for Editor in 1.44 ms, found 3 plugins.
Preloading 0 native plugins for Editor in 0.00 ms.
Unloading 3205 Unused Serialized files (Serialized files now loaded: 0)
Unloading 18 unused Assets / (150.4 KB). Loaded Objects now: 3687.
Memory consumption went from 114.0 MB to 113.9 MB.
Total: 3.110000 ms (FindLiveObjects: 0.253900 ms CreateObjectMapping: 0.144100 ms MarkObjects: 2.617700 ms  DeleteObjects: 0.093100 ms)

AssetImportParameters requested are different than current active one (requested -> active):
  custom:video-decoder-ogg-theora: a1e56fd34408186e4bbccfd4996cb3dc -> 
  custom:container-muxer-webm: aa71ff27fc2769a1b78a27578f13a17b -> 
  custom:container-demuxer-webm: 4f35f7cbe854078d1ac9338744f61a02 -> 
  custom:video-encoder-webm-vp8: eb34c28f22e8b96e1ab97ce403110664 -> 
  custom:audio-encoder-webm-vorbis: bf7c407c2cedff20999df2af8eb42d56 -> 
  custom:framework-win-MediaFoundation: 216162199b28c13a410421893ffa2e32 -> 
  custom:container-demuxer-ogg: 62fdf1f143b41e24485cea50d1cbac27 -> 
  custom:video-decoder-webm-vp8: 9c59270c3fd7afecdb556c50c9e8de78 -> 
  custom:audio-decoder-ogg-vorbis: bf7c407c2cedff20999df2af8eb42d56 -> 
========================================================================
Received Prepare
Registering precompiled user dll's ...
Registered in 0.002862 seconds.
Begin MonoManager ReloadAssembly
Symbol file LoadedFromMemory doesn't match image F:\Unity Projects\Events System\Library\PackageCache\com.unity.visualscripting@1.8.0\Editor\VisualScripting.Core\Dependencies\YamlDotNet\Unity.VisualScripting.YamlDotNet.dll
Symbol file LoadedFromMemory doesn't match image F:\Unity Projects\Events System\Library\PackageCache\com.unity.visualscripting@1.8.0\Editor\VisualScripting.Core\Dependencies\DotNetZip\Unity.VisualScripting.IonicZip.dll
Native extension for WindowsStandalone target not found
Native extension for Android target not found
Refreshing native plugins compatible for Editor in 0.53 ms, found 3 plugins.
Preloading 0 native plugins for Editor in 0.00 ms.
Mono: successfully reloaded assembly
- Completed reload, in  1.174 seconds
Domain Reload Profiling:
	ReloadAssembly (1174ms)
		BeginReloadAssembly (131ms)
			ExecutionOrderSort (0ms)
			DisableScriptedObjects (5ms)
			BackupInstance (0ms)
			ReleaseScriptingObjects (0ms)
			CreateAndSetChildDomain (37ms)
		EndReloadAssembly (945ms)
			LoadAssemblies (79ms)
			RebuildTransferFunctionScriptingTraits (0ms)
			SetupTypeCache (266ms)
			ReleaseScriptCaches (1ms)
			RebuildScriptCaches (50ms)
			SetupLoadedEditorAssemblies (514ms)
				LogAssemblyErrors (0ms)
				InitializePlatformSupportModulesInManaged (23ms)
				SetLoadedEditorAssemblies (0ms)
				RefreshPlugins (1ms)
				BeforeProcessingInitializeOnLoad (70ms)
				ProcessInitializeOnLoadAttributes (392ms)
				ProcessInitializeOnLoadMethodAttributes (18ms)
				AfterProcessingInitializeOnLoad (9ms)
				EditorAssembliesLoaded (0ms)
			ExecutionOrderSort2 (0ms)
			AwakeInstancesAfterBackupRestoration (5ms)
Platform modules already initialized, skipping
Refreshing native plugins compatible for Editor in 1.78 ms, found 3 plugins.
Preloading 0 native plugins for Editor in 0.00 ms.
Unloading 3205 Unused Serialized files (Serialized files now loaded: 0)
Unloading 18 unused Assets / (150.6 KB). Loaded Objects now: 3702.
Memory consumption went from 114.0 MB to 113.9 MB.
Total: 3.251400 ms (FindLiveObjects: 0.247500 ms CreateObjectMapping: 0.144600 ms MarkObjects: 2.763000 ms  DeleteObjects: 0.095500 ms)

AssetImportParameters requested are different than current active one (requested -> active):
  custom:video-decoder-ogg-theora: a1e56fd34408186e4bbccfd4996cb3dc -> 
  custom:container-muxer-webm: aa71ff27fc2769a1b78a27578f13a17b -> 
  custom:container-demuxer-webm: 4f35f7cbe854078d1ac9338744f61a02 -> 
  custom:video-encoder-webm-vp8: eb34c28f22e8b96e1ab97ce403110664 -> 
  custom:audio-encoder-webm-vorbis: bf7c407c2cedff20999df2af8eb42d56 -> 
  custom:framework-win-MediaFoundation: 216162199b28c13a410421893ffa2e32 -> 
  custom:container-demuxer-ogg: 62fdf1f143b41e24485cea50d1cbac27 -> 
  custom:video-decoder-webm-vp8: 9c59270c3fd7afecdb556c50c9e8de78 -> 
  custom:audio-decoder-ogg-vorbis: bf7c407c2cedff20999df2af8eb42d56 -> 
========================================================================
Received Import Request.
  Time since last request: 36.561928 seconds.
  path: Assets/State Machine Scene/Scripts/GroundedState.cs
  artifactKey: Guid(b62d65afd0beee14581d1989e8674c22) Importer(815301076,1909f56bfc062723c751e8b465ee728b)
Start importing Assets/State Machine Scene/Scripts/GroundedState.cs using Guid(b62d65afd0beee14581d1989e8674c22) Importer(815301076,1909f56bfc062723c751e8b465ee728b)  -> (artifact id: 'f24e928583577efbdd465d45228983ae') in 0.006047 seconds 
========================================================================
Received Prepare
Registering precompiled user dll's ...
Registered in 0.002762 seconds.
Begin MonoManager ReloadAssembly
Symbol file LoadedFromMemory doesn't match image F:\Unity Projects\Events System\Library\PackageCache\com.unity.visualscripting@1.8.0\Editor\VisualScripting.Core\Dependencies\YamlDotNet\Unity.VisualScripting.YamlDotNet.dll
Symbol file LoadedFromMemory doesn't match image F:\Unity Projects\Events System\Library\PackageCache\com.unity.visualscripting@1.8.0\Editor\VisualScripting.Core\Dependencies\DotNetZip\Unity.VisualScripting.IonicZip.dll
Native extension for WindowsStandalone target not found
Native extension for Android target not found
Refreshing native plugins compatible for Editor in 0.60 ms, found 3 plugins.
Preloading 0 native plugins for Editor in 0.00 ms.
Mono: successfully reloaded assembly
- Completed reload, in  1.202 seconds
Domain Reload Profiling:
	ReloadAssembly (1203ms)
		BeginReloadAssembly (134ms)
			ExecutionOrderSort (0ms)
			DisableScriptedObjects (5ms)
			BackupInstance (0ms)
			ReleaseScriptingObjects (0ms)
			CreateAndSetChildDomain (35ms)
		EndReloadAssembly (972ms)
			LoadAssemblies (84ms)
			RebuildTransferFunctionScriptingTraits (0ms)
			SetupTypeCache (266ms)
			ReleaseScriptCaches (1ms)
			RebuildScriptCaches (47ms)
			SetupLoadedEditorAssemblies (535ms)
				LogAssemblyErrors (0ms)
				InitializePlatformSupportModulesInManaged (23ms)
				SetLoadedEditorAssemblies (1ms)
				RefreshPlugins (1ms)
				BeforeProcessingInitializeOnLoad (67ms)
				ProcessInitializeOnLoadAttributes (415ms)
				ProcessInitializeOnLoadMethodAttributes (19ms)
				AfterProcessingInitializeOnLoad (9ms)
				EditorAssembliesLoaded (0ms)
			ExecutionOrderSort2 (0ms)
			AwakeInstancesAfterBackupRestoration (7ms)
Platform modules already initialized, skipping
Refreshing native plugins compatible for Editor in 1.84 ms, found 3 plugins.
Preloading 0 native plugins for Editor in 0.00 ms.
Unloading 3206 Unused Serialized files (Serialized files now loaded: 0)
Unloading 18 unused Assets / (150.5 KB). Loaded Objects now: 3718.
Memory consumption went from 114.1 MB to 113.9 MB.
Total: 4.261100 ms (FindLiveObjects: 0.268400 ms CreateObjectMapping: 0.165900 ms MarkObjects: 3.724600 ms  DeleteObjects: 0.101000 ms)

AssetImportParameters requested are different than current active one (requested -> active):
  custom:video-decoder-ogg-theora: a1e56fd34408186e4bbccfd4996cb3dc -> 
  custom:container-muxer-webm: aa71ff27fc2769a1b78a27578f13a17b -> 
  custom:container-demuxer-webm: 4f35f7cbe854078d1ac9338744f61a02 -> 
  custom:video-encoder-webm-vp8: eb34c28f22e8b96e1ab97ce403110664 -> 
  custom:audio-encoder-webm-vorbis: bf7c407c2cedff20999df2af8eb42d56 -> 
  custom:framework-win-MediaFoundation: 216162199b28c13a410421893ffa2e32 -> 
  custom:container-demuxer-ogg: 62fdf1f143b41e24485cea50d1cbac27 -> 
  custom:video-decoder-webm-vp8: 9c59270c3fd7afecdb556c50c9e8de78 -> 
  custom:audio-decoder-ogg-vorbis: bf7c407c2cedff20999df2af8eb42d56 -> 
========================================================================
Received Import Request.
  Time since last request: 8.172059 seconds.
  path: Assets/State Machine Scene/Scripts/GroundedState.cs
  artifactKey: Guid(b62d65afd0beee14581d1989e8674c22) Importer(815301076,1909f56bfc062723c751e8b465ee728b)
Start importing Assets/State Machine Scene/Scripts/GroundedState.cs using Guid(b62d65afd0beee14581d1989e8674c22) Importer(815301076,1909f56bfc062723c751e8b465ee728b)  -> (artifact id: '24e05eb299600271727f3a4c6c51118f') in 0.005159 seconds 
========================================================================
Received Import Request.
  Time since last request: 24.879073 seconds.
  path: Assets/State Machine Scene/Scripts/InAirState.cs
  artifactKey: Guid(ebd5e74ce0c708446abe8cfdda7db814) Importer(815301076,1909f56bfc062723c751e8b465ee728b)
Start importing Assets/State Machine Scene/Scripts/InAirState.cs using Guid(ebd5e74ce0c708446abe8cfdda7db814) Importer(815301076,1909f56bfc062723c751e8b465ee728b)  -> (artifact id: 'bf098b05c23043e5e7caed564f992ab4') in 0.001341 seconds 
========================================================================
Received Import Request.
  Time since last request: 11.435078 seconds.
  path: Assets/State Machine Scene/Scripts/InAirState.cs
  artifactKey: Guid(ebd5e74ce0c708446abe8cfdda7db814) Importer(815301076,1909f56bfc062723c751e8b465ee728b)
Start importing Assets/State Machine Scene/Scripts/InAirState.cs using Guid(ebd5e74ce0c708446abe8cfdda7db814) Importer(815301076,1909f56bfc062723c751e8b465ee728b)  -> (artifact id: '8b63536ab29b1f27db18aedd83fb7fe8') in 0.001037 seconds 
========================================================================
Received Import Request.
  Time since last request: 12.433641 seconds.
  path: Assets/State Machine Scene/Scripts/WalkingState.cs
  artifactKey: Guid(223e7044dd129e045a1aa76fda7db7cc) Importer(815301076,1909f56bfc062723c751e8b465ee728b)
Start importing Assets/State Machine Scene/Scripts/WalkingState.cs using Guid(223e7044dd129e045a1aa76fda7db7cc) Importer(815301076,1909f56bfc062723c751e8b465ee728b)  -> (artifact id: '30f21dd26f4123e61e1812fce829736a') in 0.001431 seconds 
========================================================================
Received Import Request.
  Time since last request: 7.294324 seconds.
  path: Assets/State Machine Scene/Scripts/WalkingState.cs
  artifactKey: Guid(223e7044dd129e045a1aa76fda7db7cc) Importer(815301076,1909f56bfc062723c751e8b465ee728b)
Start importing Assets/State Machine Scene/Scripts/WalkingState.cs using Guid(223e7044dd129e045a1aa76fda7db7cc) Importer(815301076,1909f56bfc062723c751e8b465ee728b)  -> (artifact id: 'a7499dfeb4865db76253e75bb6ea00ca') in 0.001044 seconds 
========================================================================
Received Import Request.
  Time since last request: 11.330383 seconds.
  path: Assets/State Machine Scene/Scripts/RunningState.cs
  artifactKey: Guid(b0b640fa7002a0c42820482c6c872d18) Importer(815301076,1909f56bfc062723c751e8b465ee728b)
Start importing Assets/State Machine Scene/Scripts/RunningState.cs using Guid(b0b640fa7002a0c42820482c6c872d18) Importer(815301076,1909f56bfc062723c751e8b465ee728b)  -> (artifact id: '743781411930b56ebeebb57a71ef4a93') in 0.001411 seconds 
========================================================================
Received Import Request.
  Time since last request: 10.404563 seconds.
  path: Assets/State Machine Scene/Scripts/RunningState.cs
  artifactKey: Guid(b0b640fa7002a0c42820482c6c872d18) Importer(815301076,1909f56bfc062723c751e8b465ee728b)
Start importing Assets/State Machine Scene/Scripts/RunningState.cs using Guid(b0b640fa7002a0c42820482c6c872d18) Importer(815301076,1909f56bfc062723c751e8b465ee728b)  -> (artifact id: '3c183683f693142bf868d19badaaeb44') in 0.001095 seconds 
========================================================================
Received Import Request.
  Time since last request: 18.387602 seconds.
  path: Assets/State Machine Scene/Scripts/SprintingState.cs
  artifactKey: Guid(335feed8ac6bdfe419d9fc7f6169944d) Importer(815301076,1909f56bfc062723c751e8b465ee728b)
Start importing Assets/State Machine Scene/Scripts/SprintingState.cs using Guid(335feed8ac6bdfe419d9fc7f6169944d) Importer(815301076,1909f56bfc062723c751e8b465ee728b)  -> (artifact id: '147672d9e3d2b875afab25e2761145d2') in 0.001306 seconds 
========================================================================
Received Import Request.
  Time since last request: 8.101327 seconds.
  path: Assets/State Machine Scene/Scripts/SprintingState.cs
  artifactKey: Guid(335feed8ac6bdfe419d9fc7f6169944d) Importer(815301076,1909f56bfc062723c751e8b465ee728b)
Start importing Assets/State Machine Scene/Scripts/SprintingState.cs using Guid(335feed8ac6bdfe419d9fc7f6169944d) Importer(815301076,1909f56bfc062723c751e8b465ee728b)  -> (artifact id: 'd5b160c698bc139a1c6fe253813efcbe') in 0.000988 seconds 
========================================================================
Received Import Request.
  Time since last request: 31.712250 seconds.
  path: Assets/State Machine Scene/Scripts/AimingState.cs
  artifactKey: Guid(a62044b24b65c6d4ab064a1819b09a1a) Importer(815301076,1909f56bfc062723c751e8b465ee728b)
Start importing Assets/State Machine Scene/Scripts/AimingState.cs using Guid(a62044b24b65c6d4ab064a1819b09a1a) Importer(815301076,1909f56bfc062723c751e8b465ee728b)  -> (artifact id: '37980de2e3510cda7c49845f27ec06ac') in 0.001310 seconds 
========================================================================
Received Import Request.
  Time since last request: 15.634821 seconds.
  path: Assets/State Machine Scene/Scripts/AimingState.cs
  artifactKey: Guid(a62044b24b65c6d4ab064a1819b09a1a) Importer(815301076,1909f56bfc062723c751e8b465ee728b)
Start importing Assets/State Machine Scene/Scripts/AimingState.cs using Guid(a62044b24b65c6d4ab064a1819b09a1a) Importer(815301076,1909f56bfc062723c751e8b465ee728b)  -> (artifact id: '6e63aeb29c74bb43b980b4164790520c') in 0.000964 seconds 
